irun: 15.10-s027: (c) Copyright 1995-2017 Cadence Design Systems, Inc.
TOOL:	irun	15.10-s027: Started on May 04, 2022 at 08:49:54 MST
/pkg/cadence-incisiv-/15.10.027/i686-linux/tools/bin/irun
	alu.v
	alu_test.v
	-licqueue
	-noievlic
Recompiling... reason: file './alu.v' is newer than expected.
	expected: Wed May  4 08:43:22 2022
	actual:   Wed May  4 08:49:46 2022
file: alu.v
	module worklib.alu:v
		errors: 0, warnings: 0
		Caching library 'worklib' ....... Done
	Elaborating the design hierarchy:
	Top level design units:
		alu_test
	Building instance overlay tables: .................... Done
	Generating native compiled code:
		worklib.alu:v <0x7886bf7a>
			streams:   3, words:  1242
	Building instance specific data structures.
	Loading native compiled code:     .................... Done
	Design hierarchy summary:
		             Instances  Unique
		Modules:             2       2
		Registers:           7       7
		Scalar wires:        1       -
		Vectored wires:      4       -
		Always blocks:       1       1
		Initial blocks:      1       1
		Pseudo assignments:  3       3
	Writing initial simulation snapshot: worklib.alu_test:v
Loading snapshot worklib.alu_test:v .................... Done
ncsim> source /pkg/cadence-incisiv-/15.10.027/i686-linux/tools/inca/files/ncsimrc
ncsim> run
At time 1 opcode=000 in_a=01000010 in_b=10000110 a_is_zero=0 alu_out=01000010
At time 2 opcode=001 in_a=01000010 in_b=10000110 a_is_zero=0 alu_out=01000010
At time 3 opcode=010 in_a=01000010 in_b=10000110 a_is_zero=0 alu_out=11001000
At time 4 opcode=011 in_a=01000010 in_b=10000110 a_is_zero=0 alu_out=00000010
At time 5 opcode=100 in_a=01000010 in_b=10000110 a_is_zero=0 alu_out=11000100
At time 6 opcode=101 in_a=01000010 in_b=10000110 a_is_zero=0 alu_out=10000110
At time 7 opcode=110 in_a=01000010 in_b=10000110 a_is_zero=0 alu_out=01000010
At time 8 opcode=111 in_a=01000010 in_b=10000110 a_is_zero=0 alu_out=01000010
At time 9 opcode=111 in_a=00000000 in_b=10000110 a_is_zero=1 alu_out=00000000
TEST PASSED
Simulation complete via $finish(1) at time 9 NS + 0
./alu_test.v:57     $finish;
ncsim> exit
TOOL:	irun	15.10-s027: Exiting on May 04, 2022 at 08:50:26 MST  (total: 00:00:32)
