irun: 15.10-s027: (c) Copyright 1995-2017 Cadence Design Systems, Inc.
TOOL:	irun	15.10-s027: Started on May 04, 2022 at 07:00:29 MST
/pkg/cadence-incisiv-/15.10.027/i686-linux/tools/bin/irun
	driver.v
	driver_test.v
	-licqueue
	-noievlic
Recompiling... reason: file './driver.v' is newer than expected.
	expected: Wed May  4 06:57:07 2022
	actual:   Wed May  4 07:00:25 2022
file: driver.v
	module worklib.driver:v
		errors: 0, warnings: 0
		Caching library 'worklib' ....... Done
	Elaborating the design hierarchy:
	Top level design units:
		driver_test
	Building instance overlay tables: .................... Done
	Generating native compiled code:
		worklib.driver:v <0x74d2203b>
			streams:   2, words:   395
		worklib.driver_test:v <0x3a47c9fa>
			streams:   4, words:  4753
	Building instance specific data structures.
	Loading native compiled code:     .................... Done
	Design hierarchy summary:
		             Instances  Unique
		Modules:             2       2
		Registers:           4       4
		Scalar wires:        1       -
		Vectored wires:      2       -
		Always blocks:       1       1
		Initial blocks:      1       1
		Pseudo assignments:  2       2
	Writing initial simulation snapshot: worklib.driver_test:v
Loading snapshot worklib.driver_test:v .................... Done
ncsim> source /pkg/cadence-incisiv-/15.10.027/i686-linux/tools/inca/files/ncsimrc
ncsim> run
At time 1 data_en=0 data_in=xxxxxxxx data_out=zzzzzzzz
At time 2 data_en=1 data_in=01010101 data_out=01010101
At time 3 data_en=1 data_in=10101010 data_out=10101010
TEST PASSED
Simulation complete via $finish(1) at time 3 NS + 0
./driver_test.v:40     $finish;
ncsim> exit
TOOL:	irun	15.10-s027: Exiting on May 04, 2022 at 07:00:59 MST  (total: 00:00:30)
